[2025-09-20T13:19:37.434+0000] {processor.py:186} INFO - Started process (PID=248) to work on /opt/airflow/dags/dag_naufal_load_csv_to_db.py
[2025-09-20T13:19:37.435+0000] {processor.py:914} INFO - Processing file /opt/airflow/dags/dag_naufal_load_csv_to_db.py for tasks to queue
[2025-09-20T13:19:37.439+0000] {logging_mixin.py:190} INFO - [2025-09-20T13:19:37.438+0000] {dagbag.py:588} INFO - Filling up the DagBag from /opt/airflow/dags/dag_naufal_load_csv_to_db.py
[2025-09-20T13:19:38.227+0000] {processor.py:925} INFO - DAG(s) 'etl_pipeline' retrieved from /opt/airflow/dags/dag_naufal_load_csv_to_db.py
[2025-09-20T13:19:38.260+0000] {logging_mixin.py:190} INFO - [2025-09-20T13:19:38.259+0000] {dag.py:3239} INFO - Sync 1 DAGs
[2025-09-20T13:19:38.279+0000] {logging_mixin.py:190} INFO - [2025-09-20T13:19:38.278+0000] {dag.py:4180} INFO - Setting next_dagrun for etl_pipeline to None, run_after=None
[2025-09-20T13:19:38.310+0000] {processor.py:208} INFO - Processing /opt/airflow/dags/dag_naufal_load_csv_to_db.py took 0.884 seconds
[2025-09-20T13:20:09.126+0000] {processor.py:186} INFO - Started process (PID=264) to work on /opt/airflow/dags/dag_naufal_load_csv_to_db.py
[2025-09-20T13:20:09.128+0000] {processor.py:914} INFO - Processing file /opt/airflow/dags/dag_naufal_load_csv_to_db.py for tasks to queue
[2025-09-20T13:20:09.132+0000] {logging_mixin.py:190} INFO - [2025-09-20T13:20:09.131+0000] {dagbag.py:588} INFO - Filling up the DagBag from /opt/airflow/dags/dag_naufal_load_csv_to_db.py
[2025-09-20T13:20:09.849+0000] {processor.py:925} INFO - DAG(s) 'etl_pipeline' retrieved from /opt/airflow/dags/dag_naufal_load_csv_to_db.py
[2025-09-20T13:20:09.899+0000] {logging_mixin.py:190} INFO - [2025-09-20T13:20:09.898+0000] {dag.py:3239} INFO - Sync 1 DAGs
[2025-09-20T13:20:09.933+0000] {logging_mixin.py:190} INFO - [2025-09-20T13:20:09.932+0000] {dag.py:4180} INFO - Setting next_dagrun for etl_pipeline to None, run_after=None
[2025-09-20T13:20:09.970+0000] {processor.py:208} INFO - Processing /opt/airflow/dags/dag_naufal_load_csv_to_db.py took 0.851 seconds
[2025-09-20T13:20:40.822+0000] {processor.py:186} INFO - Started process (PID=280) to work on /opt/airflow/dags/dag_naufal_load_csv_to_db.py
[2025-09-20T13:20:40.823+0000] {processor.py:914} INFO - Processing file /opt/airflow/dags/dag_naufal_load_csv_to_db.py for tasks to queue
[2025-09-20T13:20:40.825+0000] {logging_mixin.py:190} INFO - [2025-09-20T13:20:40.825+0000] {dagbag.py:588} INFO - Filling up the DagBag from /opt/airflow/dags/dag_naufal_load_csv_to_db.py
[2025-09-20T13:20:41.329+0000] {processor.py:925} INFO - DAG(s) 'etl_pipeline' retrieved from /opt/airflow/dags/dag_naufal_load_csv_to_db.py
[2025-09-20T13:20:41.351+0000] {logging_mixin.py:190} INFO - [2025-09-20T13:20:41.351+0000] {dag.py:3239} INFO - Sync 1 DAGs
[2025-09-20T13:20:41.363+0000] {logging_mixin.py:190} INFO - [2025-09-20T13:20:41.363+0000] {dag.py:4180} INFO - Setting next_dagrun for etl_pipeline to None, run_after=None
[2025-09-20T13:20:41.386+0000] {processor.py:208} INFO - Processing /opt/airflow/dags/dag_naufal_load_csv_to_db.py took 0.570 seconds
[2025-09-20T13:21:12.342+0000] {processor.py:186} INFO - Started process (PID=296) to work on /opt/airflow/dags/dag_naufal_load_csv_to_db.py
[2025-09-20T13:21:12.344+0000] {processor.py:914} INFO - Processing file /opt/airflow/dags/dag_naufal_load_csv_to_db.py for tasks to queue
[2025-09-20T13:21:12.347+0000] {logging_mixin.py:190} INFO - [2025-09-20T13:21:12.347+0000] {dagbag.py:588} INFO - Filling up the DagBag from /opt/airflow/dags/dag_naufal_load_csv_to_db.py
[2025-09-20T13:21:12.795+0000] {processor.py:925} INFO - DAG(s) 'etl_pipeline' retrieved from /opt/airflow/dags/dag_naufal_load_csv_to_db.py
[2025-09-20T13:21:12.815+0000] {logging_mixin.py:190} INFO - [2025-09-20T13:21:12.814+0000] {dag.py:3239} INFO - Sync 1 DAGs
[2025-09-20T13:21:12.825+0000] {logging_mixin.py:190} INFO - [2025-09-20T13:21:12.825+0000] {dag.py:4180} INFO - Setting next_dagrun for etl_pipeline to None, run_after=None
[2025-09-20T13:21:12.850+0000] {processor.py:208} INFO - Processing /opt/airflow/dags/dag_naufal_load_csv_to_db.py took 0.513 seconds
[2025-09-20T13:21:43.855+0000] {processor.py:186} INFO - Started process (PID=312) to work on /opt/airflow/dags/dag_naufal_load_csv_to_db.py
[2025-09-20T13:21:43.857+0000] {processor.py:914} INFO - Processing file /opt/airflow/dags/dag_naufal_load_csv_to_db.py for tasks to queue
[2025-09-20T13:21:43.863+0000] {logging_mixin.py:190} INFO - [2025-09-20T13:21:43.860+0000] {dagbag.py:588} INFO - Filling up the DagBag from /opt/airflow/dags/dag_naufal_load_csv_to_db.py
[2025-09-20T13:21:44.445+0000] {processor.py:925} INFO - DAG(s) 'etl_pipeline' retrieved from /opt/airflow/dags/dag_naufal_load_csv_to_db.py
[2025-09-20T13:21:44.491+0000] {logging_mixin.py:190} INFO - [2025-09-20T13:21:44.490+0000] {dag.py:3239} INFO - Sync 1 DAGs
[2025-09-20T13:21:44.509+0000] {logging_mixin.py:190} INFO - [2025-09-20T13:21:44.509+0000] {dag.py:4180} INFO - Setting next_dagrun for etl_pipeline to None, run_after=None
[2025-09-20T13:21:44.534+0000] {processor.py:208} INFO - Processing /opt/airflow/dags/dag_naufal_load_csv_to_db.py took 0.690 seconds
[2025-09-20T13:22:15.097+0000] {processor.py:186} INFO - Started process (PID=328) to work on /opt/airflow/dags/dag_naufal_load_csv_to_db.py
[2025-09-20T13:22:15.099+0000] {processor.py:914} INFO - Processing file /opt/airflow/dags/dag_naufal_load_csv_to_db.py for tasks to queue
[2025-09-20T13:22:15.101+0000] {logging_mixin.py:190} INFO - [2025-09-20T13:22:15.101+0000] {dagbag.py:588} INFO - Filling up the DagBag from /opt/airflow/dags/dag_naufal_load_csv_to_db.py
[2025-09-20T13:22:15.822+0000] {processor.py:925} INFO - DAG(s) 'etl_pipeline' retrieved from /opt/airflow/dags/dag_naufal_load_csv_to_db.py
[2025-09-20T13:22:15.849+0000] {logging_mixin.py:190} INFO - [2025-09-20T13:22:15.849+0000] {dag.py:3239} INFO - Sync 1 DAGs
[2025-09-20T13:22:15.864+0000] {logging_mixin.py:190} INFO - [2025-09-20T13:22:15.864+0000] {dag.py:4180} INFO - Setting next_dagrun for etl_pipeline to None, run_after=None
[2025-09-20T13:22:15.888+0000] {processor.py:208} INFO - Processing /opt/airflow/dags/dag_naufal_load_csv_to_db.py took 0.796 seconds
[2025-09-20T13:22:46.727+0000] {processor.py:186} INFO - Started process (PID=344) to work on /opt/airflow/dags/dag_naufal_load_csv_to_db.py
[2025-09-20T13:22:46.729+0000] {processor.py:914} INFO - Processing file /opt/airflow/dags/dag_naufal_load_csv_to_db.py for tasks to queue
[2025-09-20T13:22:46.733+0000] {logging_mixin.py:190} INFO - [2025-09-20T13:22:46.733+0000] {dagbag.py:588} INFO - Filling up the DagBag from /opt/airflow/dags/dag_naufal_load_csv_to_db.py
[2025-09-20T13:22:47.446+0000] {processor.py:925} INFO - DAG(s) 'etl_pipeline' retrieved from /opt/airflow/dags/dag_naufal_load_csv_to_db.py
[2025-09-20T13:22:47.471+0000] {logging_mixin.py:190} INFO - [2025-09-20T13:22:47.471+0000] {dag.py:3239} INFO - Sync 1 DAGs
[2025-09-20T13:22:47.486+0000] {logging_mixin.py:190} INFO - [2025-09-20T13:22:47.486+0000] {dag.py:4180} INFO - Setting next_dagrun for etl_pipeline to None, run_after=None
[2025-09-20T13:22:47.518+0000] {processor.py:208} INFO - Processing /opt/airflow/dags/dag_naufal_load_csv_to_db.py took 0.803 seconds
[2025-09-20T13:23:18.379+0000] {processor.py:186} INFO - Started process (PID=360) to work on /opt/airflow/dags/dag_naufal_load_csv_to_db.py
[2025-09-20T13:23:18.380+0000] {processor.py:914} INFO - Processing file /opt/airflow/dags/dag_naufal_load_csv_to_db.py for tasks to queue
[2025-09-20T13:23:18.382+0000] {logging_mixin.py:190} INFO - [2025-09-20T13:23:18.382+0000] {dagbag.py:588} INFO - Filling up the DagBag from /opt/airflow/dags/dag_naufal_load_csv_to_db.py
[2025-09-20T13:23:18.913+0000] {processor.py:925} INFO - DAG(s) 'etl_pipeline' retrieved from /opt/airflow/dags/dag_naufal_load_csv_to_db.py
[2025-09-20T13:23:18.937+0000] {logging_mixin.py:190} INFO - [2025-09-20T13:23:18.936+0000] {dag.py:3239} INFO - Sync 1 DAGs
[2025-09-20T13:23:18.951+0000] {logging_mixin.py:190} INFO - [2025-09-20T13:23:18.950+0000] {dag.py:4180} INFO - Setting next_dagrun for etl_pipeline to None, run_after=None
[2025-09-20T13:23:18.978+0000] {processor.py:208} INFO - Processing /opt/airflow/dags/dag_naufal_load_csv_to_db.py took 0.604 seconds
